<?xml version="1.0" encoding="UTF-8"?>
<testsuite name="SimpleRegexGeneratorTest" tests="1" skipped="0" failures="0" errors="0" timestamp="2023-02-12T15:58:50" hostname="DESKTOP-91G0B0A" time="0.022">
  <properties/>
  <testcase name="should validate character count of the regex at end of string()" classname="SimpleRegexGeneratorTest" time="0.022"/>
  <system-out><![CDATA[]]></system-out>
  <system-err><![CDATA[]]></system-err>
</testsuite>
