<?xml version="1.0" encoding="UTF-8"?>
<testsuite name="SimpleRegexGeneratorTest" tests="1" skipped="0" failures="0" errors="0" timestamp="2023-02-13T02:25:48" hostname="DESKTOP-91G0B0A" time="0.023">
  <properties/>
  <testcase name="should validate documents and cep from presets()" classname="SimpleRegexGeneratorTest" time="0.023"/>
  <system-out><![CDATA[]]></system-out>
  <system-err><![CDATA[]]></system-err>
</testsuite>
